#
# There is insufficient memory for the Java Runtime Environment to continue.
# Native memory allocation (mmap) failed to map 534773760 bytes for Failed to commit area from 0x0000000602000000 to 0x0000000621e00000 of length 534773760.
# Possible reasons:
#   The system is out of physical RAM or swap space
#   The process is running with CompressedOops enabled, and the Java Heap may be blocking the growth of the native heap
# Possible solutions:
#   Reduce memory load on the system
#   Increase physical memory or swap space
#   Check if swap backing store is full
#   Decrease Java heap size (-Xmx/-Xms)
#   Decrease number of Java threads
#   Decrease Java thread stack sizes (-Xss)
#   Set larger code cache with -XX:ReservedCodeCacheSize=
# This output file may be truncated or incomplete.
#
#  Out of Memory Error (./src/hotspot/os/windows/os_windows.cpp:3387), pid=8568, tid=7648
#
# JRE version:  (11.0.14.1+1) (build )
# Java VM: OpenJDK 64-Bit Server VM (11.0.14.1+1, mixed mode, sharing, tiered, compressed oops, g1 gc, windows-amd64)
# No core dump will be written. Minidumps are not enabled by default on client versions of Windows
#

---------------  S U M M A R Y ------------

Command Line: -Dfile.encoding=UTF-8 

Host: AMD Ryzen 5 4600H with Radeon Graphics         , 12 cores, 31G,  Windows 11 , 64 bit Build 22621 (10.0.22621.3958)
Time: Mon Oct 14 20:54:49 2024 Ô³íëÿíä³ÿ (ë³òî) elapsed time: 0.011671 seconds (0d 0h 0m 0s)

---------------  T H R E A D  ---------------

Current thread (0x000001a584d20000):  JavaThread "Unknown thread" [_thread_in_vm, id=7648, stack(0x0000000f9a700000,0x0000000f9a800000)]

Stack: [0x0000000f9a700000,0x0000000f9a800000]
Native frames: (J=compiled Java code, j=interpreted, Vv=VM code, C=native code)
V  [jvm.dll+0x61e59a]
V  [jvm.dll+0x7aaca9]
V  [jvm.dll+0x7ac398]
V  [jvm.dll+0x7aca73]
V  [jvm.dll+0x24f9b8]
V  [jvm.dll+0x61b83a]
V  [jvm.dll+0x6100c5]
V  [jvm.dll+0x30772c]
V  [jvm.dll+0x3075b2]
V  [jvm.dll+0x30c2d6]
V  [jvm.dll+0x35272f]
V  [jvm.dll+0x352160]
V  [jvm.dll+0x2e4728]
V  [jvm.dll+0x2e5886]
V  [jvm.dll+0x784b07]
V  [jvm.dll+0x78628f]
V  [jvm.dll+0x35f479]
V  [jvm.dll+0x767aa0]
V  [jvm.dll+0x3ccf1f]
V  [jvm.dll+0x3cf2b1]
C  [jli.dll+0x5207]
C  [ucrtbase.dll+0x29333]
C  [KERNEL32.DLL+0x1257d]
C  [ntdll.dll+0x5af28]


---------------  P R O C E S S  ---------------

Threads class SMR info:
_java_thread_list=0x000001a5829c7e70, length=0, elements={
}

Java Threads: ( => current thread )

Other Threads:
  0x000001a584d39800 GCTaskThread "GC Thread#0" [stack: 0x0000000f9a800000,0x0000000f9a900000] [id=23772]
  0x000001a584dbe800 ConcurrentGCThread "G1 Main Marker" [stack: 0x0000000f9a900000,0x0000000f9aa00000] [id=23384]
  0x000001a584dc0000 ConcurrentGCThread "G1 Conc#0" [stack: 0x0000000f9aa00000,0x0000000f9ab00000] [id=15280]

[error occurred during error reporting (printing all threads), id 0xc0000005, EXCEPTION_ACCESS_VIOLATION (0xc0000005) at pc=0x00007ffe24343ef7]

VM state:not at safepoint (not fully initialized)

VM Mutex/Monitor currently owned by a thread:  ([mutex/lock_event])
[0x000001a584d1d580] Heap_lock - owner thread: 0x000001a584d20000

Heap address: 0x0000000602000000, size: 8160 MB, Compressed Oops mode: Non-zero based: 0x0000000602000000
Narrow klass base: 0x0000000000000000, Narrow klass shift: 0

GC Heap History (0 events):
No events

Deoptimization events (0 events):
No events

Classes redefined (0 events):
No events

Internal exceptions (0 events):
No events

Events (1 events):
Event: 0.008 Loaded shared library C:\Program Files\Unity\Hub\Editor\2022.3.5f1\Editor\Data\PlaybackEngines\AndroidPlayer\OpenJDK\bin\zip.dll


Dynamic libraries:
0x00007ff7ea0e0000 - 0x00007ff7ea0ed000 	C:\Program Files\Unity\Hub\Editor\2022.3.5f1\Editor\Data\PlaybackEngines\AndroidPlayer\OpenJDK\bin\java.exe
0x00007fff4a1f0000 - 0x00007fff4a407000 	C:\Windows\SYSTEM32\ntdll.dll
0x00007fff491a0000 - 0x00007fff49264000 	C:\Windows\System32\KERNEL32.DLL
0x00007fff47540000 - 0x00007fff478ed000 	C:\Windows\System32\KERNELBASE.dll
0x00007fff47a10000 - 0x00007fff47b21000 	C:\Windows\System32\ucrtbase.dll
0x00007fff32630000 - 0x00007fff32645000 	C:\Program Files\Unity\Hub\Editor\2022.3.5f1\Editor\Data\PlaybackEngines\AndroidPlayer\OpenJDK\bin\VCRUNTIME140.dll
0x00007fff32610000 - 0x00007fff32627000 	C:\Program Files\Unity\Hub\Editor\2022.3.5f1\Editor\Data\PlaybackEngines\AndroidPlayer\OpenJDK\bin\jli.dll
0x00007fff48e40000 - 0x00007fff48fee000 	C:\Windows\System32\USER32.dll
0x00007fff47b30000 - 0x00007fff47b56000 	C:\Windows\System32\win32u.dll
0x00007fff30b70000 - 0x00007fff30e03000 	C:\Windows\WinSxS\amd64_microsoft.windows.common-controls_6595b64144ccf1df_6.0.22621.3672_none_2713b9d173822955\COMCTL32.dll
0x00007fff4a160000 - 0x00007fff4a189000 	C:\Windows\System32\GDI32.dll
0x00007fff49d70000 - 0x00007fff49e17000 	C:\Windows\System32\msvcrt.dll
0x00007fff478f0000 - 0x00007fff47a09000 	C:\Windows\System32\gdi32full.dll
0x00007fff47b60000 - 0x00007fff47bfa000 	C:\Windows\System32\msvcp_win.dll
0x00007fff49fc0000 - 0x00007fff49ff1000 	C:\Windows\System32\IMM32.DLL
0x00007ffea2db0000 - 0x00007ffea2e4b000 	C:\Program Files\Unity\Hub\Editor\2022.3.5f1\Editor\Data\PlaybackEngines\AndroidPlayer\OpenJDK\bin\msvcp140.dll
0x00007ffe24050000 - 0x00007ffe24bd1000 	C:\Program Files\Unity\Hub\Editor\2022.3.5f1\Editor\Data\PlaybackEngines\AndroidPlayer\OpenJDK\bin\server\jvm.dll
0x00007fff48b20000 - 0x00007fff48bd2000 	C:\Windows\System32\ADVAPI32.dll
0x00007fff48ce0000 - 0x00007fff48d89000 	C:\Windows\System32\sechost.dll
0x00007fff47510000 - 0x00007fff47538000 	C:\Windows\System32\bcrypt.dll
0x00007fff49e20000 - 0x00007fff49f34000 	C:\Windows\System32\RPCRT4.dll
0x00007fff49270000 - 0x00007fff49278000 	C:\Windows\System32\PSAPI.DLL
0x00007fff41b70000 - 0x00007fff41b7a000 	C:\Windows\SYSTEM32\VERSION.dll
0x00007fff41f30000 - 0x00007fff41f39000 	C:\Windows\SYSTEM32\WSOCK32.dll
0x00007fff43560000 - 0x00007fff43594000 	C:\Windows\SYSTEM32\WINMM.dll
0x00007fff49f40000 - 0x00007fff49fb1000 	C:\Windows\System32\WS2_32.dll
0x00007fff46520000 - 0x00007fff46538000 	C:\Windows\SYSTEM32\kernel.appcore.dll
0x00007fff2a870000 - 0x00007fff2a880000 	C:\Program Files\Unity\Hub\Editor\2022.3.5f1\Editor\Data\PlaybackEngines\AndroidPlayer\OpenJDK\bin\verify.dll
0x00007fff44040000 - 0x00007fff44272000 	C:\Windows\SYSTEM32\DBGHELP.DLL
0x00007fff49980000 - 0x00007fff49d0e000 	C:\Windows\System32\combase.dll
0x00007fff4a000000 - 0x00007fff4a0d7000 	C:\Windows\System32\OLEAUT32.dll
0x00007fff44000000 - 0x00007fff44032000 	C:\Windows\SYSTEM32\dbgcore.DLL
0x00007fff47d70000 - 0x00007fff47deb000 	C:\Windows\System32\bcryptPrimitives.dll
0x00007fff2a840000 - 0x00007fff2a868000 	C:\Program Files\Unity\Hub\Editor\2022.3.5f1\Editor\Data\PlaybackEngines\AndroidPlayer\OpenJDK\bin\java.dll
0x00007fff2a830000 - 0x00007fff2a83a000 	C:\Program Files\Unity\Hub\Editor\2022.3.5f1\Editor\Data\PlaybackEngines\AndroidPlayer\OpenJDK\bin\jimage.dll
0x00007fff1e150000 - 0x00007fff1e168000 	C:\Program Files\Unity\Hub\Editor\2022.3.5f1\Editor\Data\PlaybackEngines\AndroidPlayer\OpenJDK\bin\zip.dll

dbghelp: loaded successfully - version: 4.0.5 - missing functions: none
symbol engine: initialized successfully - sym options: 0x614 - pdb path: .;C:\Program Files\Unity\Hub\Editor\2022.3.5f1\Editor\Data\PlaybackEngines\AndroidPlayer\OpenJDK\bin;C:\Windows\SYSTEM32;C:\Windows\WinSxS\amd64_microsoft.windows.common-controls_6595b64144ccf1df_6.0.22621.3672_none_2713b9d173822955;C:\Program Files\Unity\Hub\Editor\2022.3.5f1\Editor\Data\PlaybackEngines\AndroidPlayer\OpenJDK\bin\server

VM Arguments:
jvm_args: -Dfile.encoding=UTF-8 
java_command: <unknown>
java_class_path (initial): <not set>
Launcher Type: SUN_STANDARD

[Global flags]
     intx CICompilerCount                          = 4                                         {product} {ergonomic}
     uint ConcGCThreads                            = 3                                         {product} {ergonomic}
     uint G1ConcRefinementThreads                  = 10                                        {product} {ergonomic}
   size_t G1HeapRegionSize                         = 2097152                                   {product} {ergonomic}
    uintx GCDrainStackTargetSize                   = 64                                        {product} {ergonomic}
   size_t InitialHeapSize                          = 534773760                                 {product} {ergonomic}
   size_t MarkStackSize                            = 4194304                                   {product} {ergonomic}
   size_t MaxHeapSize                              = 8556380160                                {product} {ergonomic}
   size_t MinHeapDeltaBytes                        = 2097152                                   {product} {ergonomic}
    uintx NonNMethodCodeHeapSize                   = 5836300                                {pd product} {ergonomic}
    uintx NonProfiledCodeHeapSize                  = 122910970                              {pd product} {ergonomic}
    uintx ProfiledCodeHeapSize                     = 122910970                              {pd product} {ergonomic}
    uintx ReservedCodeCacheSize                    = 251658240                              {pd product} {ergonomic}
     bool SegmentedCodeCache                       = true                                      {product} {ergonomic}
     bool UseCompressedClassPointers               = true                                 {lp64_product} {ergonomic}
     bool UseCompressedOops                        = true                                 {lp64_product} {ergonomic}
     bool UseG1GC                                  = true                                      {product} {ergonomic}
     bool UseLargePagesIndividualAllocation        = false                                  {pd product} {ergonomic}

Logging:
Log output configuration:
 #0: stdout all=warning uptime,level,tags
 #1: stderr all=off uptime,level,tags

Environment Variables:
JAVA_HOME=C:\Program Files\Unity\Hub\Editor\2022.3.5f1\Editor\Data\PlaybackEngines\AndroidPlayer\OpenJDK
JAVA_TOOL_OPTIONS=-Dfile.encoding=UTF-8
PATH=C:\Windows\system32;C:\Windows;C:\Windows\System32\Wbem;C:\Windows\System32\WindowsPowerShell\v1.0\;C:\Windows\System32\OpenSSH\;C:\Program Files\NVIDIA Corporation\NVIDIA NvDLISR;C:\Program Files (x86)\NVIDIA Corporation\PhysX\Common;C:\Program Files\dotnet\;C:\Program Files\Git\cmd;C:\Program Files\OpenSSL-Win64\bin;C:\Program Files\Unity\Hub\Editor\2020.3.39f1\Editor\Data\PlaybackEngines\AndroidPlayer\OpenJDK\bin;C:\Users\tannn\AppData\Local\Programs\Python\Python310\Scripts\;C:\Users\tannn\AppData\Local\Programs\Python\Python310\;C:\Users\tannn\AppData\Local\Microsoft\WindowsApps;C:\Users\tannn\AppData\Local\GitHubDesktop\bin;C:\Users\tannn\AppData\Local\Programs\Microsoft VS Code\bin;C:\Users\tannn\.dotnet\tools
USERNAME=tannn
OS=Windows_NT
PROCESSOR_IDENTIFIER=AMD64 Family 23 Model 96 Stepping 1, AuthenticAMD



---------------  S Y S T E M  ---------------

OS: Windows 11 , 64 bit Build 22621 (10.0.22621.3958)
OS uptime: 3 days 9:26 hours
Hyper-V role detected

CPU:total 12 (initial active 12) (12 cores per cpu, 2 threads per core) family 23 model 96 stepping 1 microcode 0x0, cmov, cx8, fxsr, mmx, sse, sse2, sse3, ssse3, sse4.1, sse4.2, popcnt, avx, avx2, aes, clmul, mmxext, 3dnowpref, lzcnt, sse4a, ht, tsc, tscinvbit, tscinv, bmi1, bmi2, adx, sha, fma

Memory: 4k page, system-wide physical 32637M (8242M free)
TotalPageFile size 37612M (AvailPageFile size 89M)
current process WorkingSet (physical memory assigned to process): 11M, peak: 11M
current process commit charge ("private bytes"): 65M, peak: 575M

vm_info: OpenJDK 64-Bit Server VM (11.0.14.1+1) for windows-amd64 JRE (11.0.14.1+1), built on Feb  9 2022 01:48:27 by "" with unknown MS VC++:1916

END.
